<?xml version="1.0" encoding="UTF-8"?>
<robot generator="Robot 7.0.1 (Python 3.11.6 on linux)" generated="2024-06-25T22:29:09.905503" rpa="false" schemaversion="5">
<suite id="s1" name="TestSuite Search" source="/home/hetu/Desktop/4th-year/Assignment/FTP/tests/TestSuite_Search.robot">
<test id="s1-t1" name="TC_AddComment_09" line="12">
<kw name="Set Variable" owner="BuiltIn">
<msg time="2024-06-25T22:29:10.771644" level="INFO">${url} = https://trello.com/1/search?query=@me&amp;partial=true&amp;modelTypes=boards,cards,members,organizations&amp;board_fields=id,closed,dateLastActivity,dateLastView,idOrganization,name,prefs,shortLink,id,name&amp;board_...</msg>
<var>${url}</var>
<arg>https://trello.com/1/search?query=@me&amp;partial=true&amp;modelTypes=boards,cards,members,organizations&amp;board_fields=id,closed,dateLastActivity,dateLastView,idOrganization,name,prefs,shortLink,id,name&amp;board_organization=true&amp;board_organization_fields=id,displayName&amp;card_fields=id,closed,dateLastActivity,desc,idBoard,name,shortLink,url&amp;cards_limit=11&amp;cards_page=0&amp;card_board=true&amp;card_list=true&amp;member_fields=id,avatarUrl,fullName,initials,nonPublic,username&amp;organization_fields=id,displayName,logoHash,name</arg>
<doc>Returns the given values which can then be assigned to a variables.</doc>
<status status="PASS" start="2024-06-25T22:29:10.771219" elapsed="0.000505"/>
</kw>
<kw name="Make API Request" owner="CommonKeywords">
<kw name="Make Request" owner="CustomKeywords">
<msg time="2024-06-25T22:29:12.022123" level="INFO">${response} = {'status_code': 200, 'json': {'options': {'terms': [], 'modifiers': [{'text': 'member:me', 'partial': True}], 'modelTypes': ['cards'], 'partial': True}, 'cards': [{'id': '6676a0326649921dc9736228', 'c...</msg>
<var>${response}</var>
<arg>${method}</arg>
<arg>${url}</arg>
<arg>${headers}</arg>
<arg>${payload}</arg>
<status status="PASS" start="2024-06-25T22:29:10.772968" elapsed="1.249259"/>
</kw>
<return>
<value>${response}</value>
<status status="PASS" start="2024-06-25T22:29:12.022333" elapsed="0.000048"/>
</return>
<msg time="2024-06-25T22:29:12.022627" level="INFO">${response} = {'status_code': 200, 'json': {'options': {'terms': [], 'modifiers': [{'text': 'member:me', 'partial': True}], 'modelTypes': ['cards'], 'partial': True}, 'cards': [{'id': '6676a0326649921dc9736228', 'c...</msg>
<var>${response}</var>
<arg>GET</arg>
<arg>${url}</arg>
<arg>${HEADERS}</arg>
<status status="PASS" start="2024-06-25T22:29:10.772230" elapsed="1.250423"/>
</kw>
<kw name="Log" owner="BuiltIn">
<msg time="2024-06-25T22:29:12.023171" level="INFO">{'status_code': 200, 'json': {'options': {'terms': [], 'modifiers': [{'text': 'member:me', 'partial': True}], 'modelTypes': ['cards'], 'partial': True}, 'cards': [{'id': '6676a0326649921dc9736228', 'closed': False, 'dateLastActivity': '2024-06-22T13:48:44.554Z', 'desc': '', 'idBoard': '6651e5876c90501fb526b92f', 'name': 'ServeSync - Cafe ordering management system', 'shortLink': 'P1Owcmw1', 'url': 'https://trello.com/c/P1Owcmw1/15-servesync-cafe-ordering-management-system', 'board': {'id': '6651e5876c90501fb526b92f', 'closed': False, 'dateLastActivity': '2024-06-25T16:21:26.556Z', 'dateLastView': '2024-06-25T16:19:24.462Z', 'idOrganization': '6630bd48db4e070c96bdc79d', 'name': 'Software Group', 'prefs': {'permissionLevel': 'org', 'hideVotes': False, 'voting': 'disabled', 'comments': 'members', 'invitations': 'members', 'selfJoin': False, 'cardCovers': True, 'cardCounts': False, 'isTemplate': False, 'cardAging': 'regular', 'calendarFeedEnabled': False, 'hiddenPluginBoardButtons': [], 'switcherViews': [{'viewType': 'Board', 'enabled': True}, {'viewType': 'Table', 'enabled': True}, {'viewType': 'Calendar', 'enabled': False}, {'viewType': 'Dashboard', 'enabled': False}, {'viewType': 'Timeline', 'enabled': False}, {'viewType': 'Map', 'enabled': False}], 'background': '5dfa855f31b76a80318febaf', 'backgroundColor': None, 'backgroundImage': 'https://trello-backgrounds.s3.amazonaws.com/SharedBackground/original/d71b9370b4cba91634ae4ffe331fb59a/photo-1576502200916-3808e07386a5', 'backgroundTile': False, 'backgroundBrightness': 'light', 'sharedSourceUrl': 'https://images.unsplash.com/photo-1576502200916-3808e07386a5?ixlib=rb-1.2.1&amp;ixid=eyJhcHBfaWQiOjcwNjZ9&amp;w=2560&amp;h=2048&amp;q=90', 'backgroundImageScaled': [{'width': 140, 'height': 94, 'url': 'https://trello-backgrounds.s3.amazonaws.com/SharedBackground/140x94/47f09f0e3910259568294477d0bdedac/photo-1576502200916-3808e07386a5.jpg'}, {'width': 256, 'height': 172, 'url': 'https://trello-backgrounds.s3.amazonaws.com/SharedBackground/256x172/47f09f0e3910259568294477d0bdedac/photo-1576502200916-3808e07386a5.jpg'}, {'width': 480, 'height': 322, 'url': 'https://trello-backgrounds.s3.amazonaws.com/SharedBackground/480x322/47f09f0e3910259568294477d0bdedac/photo-1576502200916-3808e07386a5.jpg'}, {'width': 960, 'height': 644, 'url': 'https://trello-backgrounds.s3.amazonaws.com/SharedBackground/960x644/47f09f0e3910259568294477d0bdedac/photo-1576502200916-3808e07386a5.jpg'}, {'width': 1024, 'height': 687, 'url': 'https://trello-backgrounds.s3.amazonaws.com/SharedBackground/1024x687/47f09f0e3910259568294477d0bdedac/photo-1576502200916-3808e07386a5.jpg'}, {'width': 1280, 'height': 859, 'url': 'https://trello-backgrounds.s3.amazonaws.com/SharedBackground/1280x859/47f09f0e3910259568294477d0bdedac/photo-1576502200916-3808e07386a5.jpg'}, {'width': 1920, 'height': 1288, 'url': 'https://trello-backgrounds.s3.amazonaws.com/SharedBackground/1920x1288/47f09f0e3910259568294477d0bdedac/photo-1576502200916-3808e07386a5.jpg'}, {'width': 2048, 'height': 1374, 'url': 'https://trello-backgrounds.s3.amazonaws.com/SharedBackground/2048x1374/47f09f0e3910259568294477d0bdedac/photo-1576502200916-3808e07386a5.jpg'}, {'width': 2386, 'height': 1600, 'url': 'https://trello-backgrounds.s3.amazonaws.com/SharedBackground/2386x1600/47f09f0e3910259568294477d0bdedac/photo-1576502200916-3808e07386a5.jpg'}, {'width': 2560, 'height': 1717, 'url': 'https://trello-backgrounds.s3.amazonaws.com/SharedBackground/original/d71b9370b4cba91634ae4ffe331fb59a/photo-1576502200916-3808e07386a5'}], 'backgroundBottomColor': '#068faa', 'backgroundTopColor': '#ddaba7', 'canBePublic': True, 'canBeEnterprise': True, 'canBeOrg': True, 'canBePrivate': True, 'canInvite': True}, 'shortLink': 'dIX9eqti'}, 'list': {'id': '6651e5876c90501fb526b931', 'name': 'Design', 'closed': False, 'color': None, 'idBoard': '6651e5876c90501fb526b92f', 'pos': 131071, 'subscribed': False, 'softLimit': None}}, {'id': '6651e81f5d8081a1fbc5e523', 'closed': False, 'dateLastActivity': '2024-05-25T13:44:04.860Z', 'desc': '', 'idBoard': '6651e5876c90501fb526b92f', 'name': 'Manufacturing system control system', 'shortLink': 'wlMEqXj7', 'url': 'https://trello.com/c/wlMEqXj7/7-manufacturing-system-control-system', 'board': {'id': '6651e5876c90501fb526b92f', 'closed': False, 'dateLastActivity': '2024-06-25T16:21:26.556Z', 'dateLastView': '2024-06-25T16:19:24.462Z', 'idOrganization': '6630bd48db4e070c96bdc79d', 'name': 'Software Group', 'prefs': {'permissionLevel': 'org', 'hideVotes': False, 'voting': 'disabled', 'comments': 'members', 'invitations': 'members', 'selfJoin': False, 'cardCovers': True, 'cardCounts': False, 'isTemplate': False, 'cardAging': 'regular', 'calendarFeedEnabled': False, 'hiddenPluginBoardButtons': [], 'switcherViews': [{'viewType': 'Board', 'enabled': True}, {'viewType': 'Table', 'enabled': True}, {'viewType': 'Calendar', 'enabled': False}, {'viewType': 'Dashboard', 'enabled': False}, {'viewType': 'Timeline', 'enabled': False}, {'viewType': 'Map', 'enabled': False}], 'background': '5dfa855f31b76a80318febaf', 'backgroundColor': None, 'backgroundImage': 'https://trello-backgrounds.s3.amazonaws.com/SharedBackground/original/d71b9370b4cba91634ae4ffe331fb59a/photo-1576502200916-3808e07386a5', 'backgroundTile': False, 'backgroundBrightness': 'light', 'sharedSourceUrl': 'https://images.unsplash.com/photo-1576502200916-3808e07386a5?ixlib=rb-1.2.1&amp;ixid=eyJhcHBfaWQiOjcwNjZ9&amp;w=2560&amp;h=2048&amp;q=90', 'backgroundImageScaled': [{'width': 140, 'height': 94, 'url': 'https://trello-backgrounds.s3.amazonaws.com/SharedBackground/140x94/47f09f0e3910259568294477d0bdedac/photo-1576502200916-3808e07386a5.jpg'}, {'width': 256, 'height': 172, 'url': 'https://trello-backgrounds.s3.amazonaws.com/SharedBackground/256x172/47f09f0e3910259568294477d0bdedac/photo-1576502200916-3808e07386a5.jpg'}, {'width': 480, 'height': 322, 'url': 'https://trello-backgrounds.s3.amazonaws.com/SharedBackground/480x322/47f09f0e3910259568294477d0bdedac/photo-1576502200916-3808e07386a5.jpg'}, {'width': 960, 'height': 644, 'url': 'https://trello-backgrounds.s3.amazonaws.com/SharedBackground/960x644/47f09f0e3910259568294477d0bdedac/photo-1576502200916-3808e07386a5.jpg'}, {'width': 1024, 'height': 687, 'url': 'https://trello-backgrounds.s3.amazonaws.com/SharedBackground/1024x687/47f09f0e3910259568294477d0bdedac/photo-1576502200916-3808e07386a5.jpg'}, {'width': 1280, 'height': 859, 'url': 'https://trello-backgrounds.s3.amazonaws.com/SharedBackground/1280x859/47f09f0e3910259568294477d0bdedac/photo-1576502200916-3808e07386a5.jpg'}, {'width': 1920, 'height': 1288, 'url': 'https://trello-backgrounds.s3.amazonaws.com/SharedBackground/1920x1288/47f09f0e3910259568294477d0bdedac/photo-1576502200916-3808e07386a5.jpg'}, {'width': 2048, 'height': 1374, 'url': 'https://trello-backgrounds.s3.amazonaws.com/SharedBackground/2048x1374/47f09f0e3910259568294477d0bdedac/photo-1576502200916-3808e07386a5.jpg'}, {'width': 2386, 'height': 1600, 'url': 'https://trello-backgrounds.s3.amazonaws.com/SharedBackground/2386x1600/47f09f0e3910259568294477d0bdedac/photo-1576502200916-3808e07386a5.jpg'}, {'width': 2560, 'height': 1717, 'url': 'https://trello-backgrounds.s3.amazonaws.com/SharedBackground/original/d71b9370b4cba91634ae4ffe331fb59a/photo-1576502200916-3808e07386a5'}], 'backgroundBottomColor': '#068faa', 'backgroundTopColor': '#ddaba7', 'canBePublic': True, 'canBeEnterprise': True, 'canBeOrg': True, 'canBePrivate': True, 'canInvite': True}, 'shortLink': 'dIX9eqti'}, 'list': {'id': '6651e5876c90501fb526b930', 'name': 'Backlog', 'closed': False, 'color': None, 'idBoard': '6651e5876c90501fb526b92f', 'pos': 65535, 'subscribed': False, 'softLimit': None}}, {'id': '6651e7bf27fc660ab759228d', 'closed': False, 'dateLastActivity': '2024-05-25T13:43:47.007Z', 'desc': '', 'idBoard': '6651e5876c90501fb526b92f', 'name': 'Arts and crafts advertising outlet', 'shortLink': 'xc3bf0BQ', 'url': 'https://trello.com/c/xc3bf0BQ/6-arts-and-crafts-advertising-outlet', 'board': {'id': '6651e5876c90501fb526b92f', 'closed': False, 'dateLastActivity': '2024-06-25T16:21:26.556Z', 'dateLastView': '2024-06-25T16:19:24.462Z', 'idOrganization': '6630bd48db4e070c96bdc79d', 'name': 'Software Group', 'prefs': {'permissionLevel': 'org', 'hideVotes': False, 'voting': 'disabled', 'comments': 'members', 'invitations': 'members', 'selfJoin': False, 'cardCovers': True, 'cardCounts': False, 'isTemplate': False, 'cardAging': 'regular', 'calendarFeedEnabled': False, 'hiddenPluginBoardButtons': [], 'switcherViews': [{'viewType': 'Board', 'enabled': True}, {'viewType': 'Table', 'enabled': True}, {'viewType': 'Calendar', 'enabled': False}, {'viewType': 'Dashboard', 'enabled': False}, {'viewType': 'Timeline', 'enabled': False}, {'viewType': 'Map', 'enabled': False}], 'background': '5dfa855f31b76a80318febaf', 'backgroundColor': None, 'backgroundImage': 'https://trello-backgrounds.s3.amazonaws.com/SharedBackground/original/d71b9370b4cba91634ae4ffe331fb59a/photo-1576502200916-3808e07386a5', 'backgroundTile': False, 'backgroundBrightness': 'light', 'sharedSourceUrl': 'https://images.unsplash.com/photo-1576502200916-3808e07386a5?ixlib=rb-1.2.1&amp;ixid=eyJhcHBfaWQiOjcwNjZ9&amp;w=2560&amp;h=2048&amp;q=90', 'backgroundImageScaled': [{'width': 140, 'height': 94, 'url': 'https://trello-backgrounds.s3.amazonaws.com/SharedBackground/140x94/47f09f0e3910259568294477d0bdedac/photo-1576502200916-3808e07386a5.jpg'}, {'width': 256, 'height': 172, 'url': 'https://trello-backgrounds.s3.amazonaws.com/SharedBackground/256x172/47f09f0e3910259568294477d0bdedac/photo-1576502200916-3808e07386a5.jpg'}, {'width': 480, 'height': 322, 'url': 'https://trello-backgrounds.s3.amazonaws.com/SharedBackground/480x322/47f09f0e3910259568294477d0bdedac/photo-1576502200916-3808e07386a5.jpg'}, {'width': 960, 'height': 644, 'url': 'https://trello-backgrounds.s3.amazonaws.com/SharedBackground/960x644/47f09f0e3910259568294477d0bdedac/photo-1576502200916-3808e07386a5.jpg'}, {'width': 1024, 'height': 687, 'url': 'https://trello-backgrounds.s3.amazonaws.com/SharedBackground/1024x687/47f09f0e3910259568294477d0bdedac/photo-1576502200916-3808e07386a5.jpg'}, {'width': 1280, 'height': 859, 'url': 'https://trello-backgrounds.s3.amazonaws.com/SharedBackground/1280x859/47f09f0e3910259568294477d0bdedac/photo-1576502200916-3808e07386a5.jpg'}, {'width': 1920, 'height': 1288, 'url': 'https://trello-backgrounds.s3.amazonaws.com/SharedBackground/1920x1288/47f09f0e3910259568294477d0bdedac/photo-1576502200916-3808e07386a5.jpg'}, {'width': 2048, 'height': 1374, 'url': 'https://trello-backgrounds.s3.amazonaws.com/SharedBackground/2048x1374/47f09f0e3910259568294477d0bdedac/photo-1576502200916-3808e07386a5.jpg'}, {'width': 2386, 'height': 1600, 'url': 'https://trello-backgrounds.s3.amazonaws.com/SharedBackground/2386x1600/47f09f0e3910259568294477d0bdedac/photo-1576502200916-3808e07386a5.jpg'}, {'width': 2560, 'height': 1717, 'url': 'https://trello-backgrounds.s3.amazonaws.com/SharedBackground/original/d71b9370b4cba91634ae4ffe331fb59a/photo-1576502200916-3808e07386a5'}], 'backgroundBottomColor': '#068faa', 'backgroundTopColor': '#ddaba7', 'canBePublic': True, 'canBeEnterprise': True, 'canBeOrg': True, 'canBePrivate': True, 'canInvite': True}, 'shortLink': 'dIX9eqti'}, 'list': {'id': '6651e5876c90501fb526b930', 'name': 'Backlog', 'closed': False, 'color': None, 'idBoard': '6651e5876c90501fb526b92f', 'pos': 65535, 'subscribed': False, 'softLimit': None}}, {'id': '6651e7b467f3900592b0465e', 'closed': False, 'dateLastActivity': '2024-05-25T13:43:25.312Z', 'desc': '', 'idBoard': '6651e5876c90501fb526b92f', 'name': 'Customer service chatbot', 'shortLink': 'Mr8zUdu3', 'url': 'https://trello.com/c/Mr8zUdu3/5-customer-service-chatbot', 'board': {'id': '6651e5876c90501fb526b92f', 'closed': False, 'dateLastActivity': '2024-06-25T16:21:26.556Z', 'dateLastView': '2024-06-25T16:19:24.462Z', 'idOrganization': '6630bd48db4e070c96bdc79d', 'name': 'Software Group', 'prefs': {'permissionLevel': 'org', 'hideVotes': False, 'voting': 'disabled', 'comments': 'members', 'invitations': 'members', 'selfJoin': False, 'cardCovers': True, 'cardCounts': False, 'isTemplate': False, 'cardAging': 'regular', 'calendarFeedEnabled': False, 'hiddenPluginBoardButtons': [], 'switcherViews': [{'viewType': 'Board', 'enabled': True}, {'viewType': 'Table', 'enabled': True}, {'viewType': 'Calendar', 'enabled': False}, {'viewType': 'Dashboard', 'enabled': False}, {'viewType': 'Timeline', 'enabled': False}, {'viewType': 'Map', 'enabled': False}], 'background': '5dfa855f31b76a80318febaf', 'backgroundColor': None, 'backgroundImage': 'https://trello-backgrounds.s3.amazonaws.com/SharedBackground/original/d71b9370b4cba91634ae4ffe331fb59a/photo-1576502200916-3808e07386a5', 'backgroundTile': False, 'backgroundBrightness': 'light', 'sharedSourceUrl': 'https://images.unsplash.com/photo-1576502200916-3808e07386a5?ixlib=rb-1.2.1&amp;ixid=eyJhcHBfaWQiOjcwNjZ9&amp;w=2560&amp;h=2048&amp;q=90', 'backgroundImageScaled': [{'width': 140, 'height': 94, 'url': 'https://trello-backgrounds.s3.amazonaws.com/SharedBackground/140x94/47f09f0e3910259568294477d0bdedac/photo-1576502200916-3808e07386a5.jpg'}, {'width': 256, 'height': 172, 'url': 'https://trello-backgrounds.s3.amazonaws.com/SharedBackground/256x172/47f09f0e3910259568294477d0bdedac/photo-1576502200916-3808e07386a5.jpg'}, {'width': 480, 'height': 322, 'url': 'https://trello-backgrounds.s3.amazonaws.com/SharedBackground/480x322/47f09f0e3910259568294477d0bdedac/photo-1576502200916-3808e07386a5.jpg'}, {'width': 960, 'height': 644, 'url': 'https://trello-backgrounds.s3.amazonaws.com/SharedBackground/960x644/47f09f0e3910259568294477d0bdedac/photo-1576502200916-3808e07386a5.jpg'}, {'width': 1024, 'height': 687, 'url': 'https://trello-backgrounds.s3.amazonaws.com/SharedBackground/1024x687/47f09f0e3910259568294477d0bdedac/photo-1576502200916-3808e07386a5.jpg'}, {'width': 1280, 'height': 859, 'url': 'https://trello-backgrounds.s3.amazonaws.com/SharedBackground/1280x859/47f09f0e3910259568294477d0bdedac/photo-1576502200916-3808e07386a5.jpg'}, {'width': 1920, 'height': 1288, 'url': 'https://trello-backgrounds.s3.amazonaws.com/SharedBackground/1920x1288/47f09f0e3910259568294477d0bdedac/photo-1576502200916-3808e07386a5.jpg'}, {'width': 2048, 'height': 1374, 'url': 'https://trello-backgrounds.s3.amazonaws.com/SharedBackground/2048x1374/47f09f0e3910259568294477d0bdedac/photo-1576502200916-3808e07386a5.jpg'}, {'width': 2386, 'height': 1600, 'url': 'https://trello-backgrounds.s3.amazonaws.com/SharedBackground/2386x1600/47f09f0e3910259568294477d0bdedac/photo-1576502200916-3808e07386a5.jpg'}, {'width': 2560, 'height': 1717, 'url': 'https://trello-backgrounds.s3.amazonaws.com/SharedBackground/original/d71b9370b4cba91634ae4ffe331fb59a/photo-1576502200916-3808e07386a5'}], 'backgroundBottomColor': '#068faa', 'backgroundTopColor': '#ddaba7', 'canBePublic': True, 'canBeEnterprise': True, 'canBeOrg': True, 'canBePrivate': True, 'canInvite': True}, 'shortLink': 'dIX9eqti'}, 'list': {'id': '6651e5876c90501fb526b930', 'name': 'Backlog', 'closed': False, 'color': None, 'idBoard': '6651e5876c90501fb526b92f', 'pos': 65535, 'subscribed': False, 'softLimit': None}}]}}</msg>
<arg>${response}</arg>
<doc>Logs the given message with the given level.</doc>
<status status="PASS" start="2024-06-25T22:29:12.022868" elapsed="0.000688"/>
</kw>
<kw name="Should Be True" owner="BuiltIn">
<arg>${response} != {}</arg>
<doc>Fails if the given condition is not true.</doc>
<status status="PASS" start="2024-06-25T22:29:12.023830" elapsed="0.001770"/>
</kw>
<doc>Users can search on the platform based on keyword and username</doc>
<status status="PASS" start="2024-06-25T22:29:10.769836" elapsed="1.256031"/>
</test>
<status status="PASS" start="2024-06-25T22:29:09.906364" elapsed="2.120116"/>
</suite>
<statistics>
<total>
<stat pass="1" fail="0" skip="0">All Tests</stat>
</total>
<tag>
</tag>
<suite>
<stat pass="1" fail="0" skip="0" id="s1" name="TestSuite Search">TestSuite Search</stat>
</suite>
</statistics>
<errors>
<msg time="2024-06-25T22:29:09.965189" level="WARN">Error in file '/home/hetu/Desktop/4th-year/Assignment/FTP/resources/CommonKeywords.robot' on line 10: The '[Return]' setting is deprecated. Use the 'RETURN' statement instead.</msg>
</errors>
</robot>
