<?xml version="1.0" encoding="UTF-8"?>
<robot generator="Robot 7.0.1 (Python 3.11.6 on linux)" generated="2024-06-25T15:49:38.136179" rpa="false" schemaversion="5">
<suite id="s1" name="TestSuite CreateBoard" source="/home/hetu/Desktop/4th-year/Assignment/FTP/tests/TestSuite_CreateBoard.robot">
<test id="s1-t1" name="TC_Create_Board_01" line="11">
<kw name="Set Variable" owner="BuiltIn">
<msg time="2024-06-25T15:49:38.276431" level="INFO">${url} = https://trello.com/1/boards</msg>
<var>${url}</var>
<arg>https://trello.com/1/boards</arg>
<doc>Returns the given values which can then be assigned to a variables.</doc>
<status status="PASS" start="2024-06-25T15:49:38.276201" elapsed="0.000268"/>
</kw>
<kw name="Make API Request" owner="CommonKeywords">
<kw name="Make Request" owner="CustomKeywords">
<msg time="2024-06-25T15:49:39.709474" level="INFO">${response} = {'status_code': 200, 'json': {'id': '667abce3cf05e4eccd10c8a4', 'name': 'new board', 'desc': '', 'descData': None, 'closed': False, 'idOrganization': '65cfa176a2dc33b3f91bb93d', 'idEnterprise': None, ...</msg>
<var>${response}</var>
<arg>${method}</arg>
<arg>${url}</arg>
<arg>${headers}</arg>
<arg>${payload}</arg>
<status status="PASS" start="2024-06-25T15:49:38.277175" elapsed="1.432446"/>
</kw>
<return>
<value>${response}</value>
<status status="PASS" start="2024-06-25T15:49:39.709795" elapsed="0.000093"/>
</return>
<msg time="2024-06-25T15:49:39.710277" level="INFO">${response} = {'status_code': 200, 'json': {'id': '667abce3cf05e4eccd10c8a4', 'name': 'new board', 'desc': '', 'descData': None, 'closed': False, 'idOrganization': '65cfa176a2dc33b3f91bb93d', 'idEnterprise': None, ...</msg>
<var>${response}</var>
<arg>POST</arg>
<arg>${url}</arg>
<arg>${HEADERS}</arg>
<arg>${NEW_BOARD_PAYLOAD_WITH_NAME}</arg>
<status status="PASS" start="2024-06-25T15:49:38.276811" elapsed="1.433521"/>
</kw>
<kw name="Should Be Equal As Numbers" owner="BuiltIn">
<msg time="2024-06-25T15:49:39.711785" level="INFO">Argument types are:
&lt;class 'int'&gt;
&lt;class 'str'&gt;</msg>
<arg>${response['status_code']}</arg>
<arg>200</arg>
<doc>Fails if objects are unequal after converting them to real numbers.</doc>
<status status="PASS" start="2024-06-25T15:49:39.710722" elapsed="0.001195"/>
</kw>
<kw name="Log" owner="BuiltIn">
<msg time="2024-06-25T15:49:39.712685" level="INFO">{'status_code': 200, 'json': {'id': '667abce3cf05e4eccd10c8a4', 'name': 'new board', 'desc': '', 'descData': None, 'closed': False, 'idOrganization': '65cfa176a2dc33b3f91bb93d', 'idEnterprise': None, 'pinned': False, 'url': 'https://trello.com/b/mhbJQ1PJ/new-board', 'shortUrl': 'https://trello.com/b/mhbJQ1PJ', 'prefs': {'permissionLevel': 'org', 'hideVotes': False, 'voting': 'disabled', 'comments': 'members', 'invitations': 'members', 'selfJoin': True, 'cardCovers': True, 'cardCounts': False, 'isTemplate': False, 'cardAging': 'regular', 'calendarFeedEnabled': False, 'hiddenPluginBoardButtons': [], 'switcherViews': [{'viewType': 'Board', 'enabled': True}, {'viewType': 'Table', 'enabled': True}, {'viewType': 'Calendar', 'enabled': False}, {'viewType': 'Dashboard', 'enabled': False}, {'viewType': 'Timeline', 'enabled': False}, {'viewType': 'Map', 'enabled': False}], 'background': 'blue', 'backgroundColor': '#0079BF', 'backgroundImage': None, 'backgroundTile': False, 'backgroundBrightness': 'dark', 'sharedSourceUrl': None, 'backgroundImageScaled': None, 'backgroundBottomColor': '#0079BF', 'backgroundTopColor': '#0079BF', 'canBePublic': True, 'canBeEnterprise': True, 'canBeOrg': True, 'canBePrivate': True, 'canInvite': True}, 'labelNames': {'green': '', 'yellow': '', 'orange': '', 'red': '', 'purple': '', 'blue': '', 'sky': '', 'lime': '', 'pink': '', 'black': '', 'green_dark': '', 'yellow_dark': '', 'orange_dark': '', 'red_dark': '', 'purple_dark': '', 'blue_dark': '', 'sky_dark': '', 'lime_dark': '', 'pink_dark': '', 'black_dark': '', 'green_light': '', 'yellow_light': '', 'orange_light': '', 'red_light': '', 'purple_light': '', 'blue_light': '', 'sky_light': '', 'lime_light': '', 'pink_light': '', 'black_light': ''}, 'limits': {}}}</msg>
<arg>${response}</arg>
<doc>Logs the given message with the given level.</doc>
<status status="PASS" start="2024-06-25T15:49:39.712294" elapsed="0.000515"/>
</kw>
<doc>Verify that a board can be created with a valid name.</doc>
<tag>CreateBoard</tag>
<status status="PASS" start="2024-06-25T15:49:38.275299" elapsed="1.437844"/>
</test>
<test id="s1-t2" name="TC_Create_Board_02" line="20">
<kw name="Set Variable" owner="BuiltIn">
<msg time="2024-06-25T15:49:39.714637" level="INFO">${url} = https://trello.com/1/boards</msg>
<var>${url}</var>
<arg>https://trello.com/1/boards</arg>
<doc>Returns the given values which can then be assigned to a variables.</doc>
<status status="PASS" start="2024-06-25T15:49:39.714352" elapsed="0.000333"/>
</kw>
<kw name="Make API Request" owner="CommonKeywords">
<kw name="Make Request" owner="CustomKeywords">
<msg time="2024-06-25T15:49:40.834484" level="INFO">${response} = {'status_code': 200, 'json': {'id': '667abce41d62f33346bdc71d', 'name': 'hhhh', 'desc': '', 'descData': None, 'closed': False, 'idOrganization': '65cfa176a2dc33b3f91bb93d', 'idEnterprise': None, 'pinn...</msg>
<var>${response}</var>
<arg>${method}</arg>
<arg>${url}</arg>
<arg>${headers}</arg>
<arg>${payload}</arg>
<status status="PASS" start="2024-06-25T15:49:39.715835" elapsed="1.118697"/>
</kw>
<return>
<value>${response}</value>
<status status="PASS" start="2024-06-25T15:49:40.834674" elapsed="0.000044"/>
</return>
<msg time="2024-06-25T15:49:40.834875" level="INFO">${response} = {'status_code': 200, 'json': {'id': '667abce41d62f33346bdc71d', 'name': 'hhhh', 'desc': '', 'descData': None, 'closed': False, 'idOrganization': '65cfa176a2dc33b3f91bb93d', 'idEnterprise': None, 'pinn...</msg>
<var>${response}</var>
<arg>POST</arg>
<arg>${url}</arg>
<arg>${HEADERS}</arg>
<arg>${NEW_BOARD_PAYLOAD_WITHOUT_NAME}</arg>
<status status="PASS" start="2024-06-25T15:49:39.715122" elapsed="1.119777"/>
</kw>
<kw name="Should Not Be Equal As Numbers" owner="BuiltIn">
<msg time="2024-06-25T15:49:40.835637" level="INFO">Argument types are:
&lt;class 'int'&gt;
&lt;class 'str'&gt;</msg>
<msg time="2024-06-25T15:49:40.835760" level="FAIL">200.0 == 200.0</msg>
<arg>${response['status_code']}</arg>
<arg>200</arg>
<doc>Fails if objects are equal after converting them to real numbers.</doc>
<status status="FAIL" start="2024-06-25T15:49:40.835123" elapsed="0.000760">200.0 == 200.0</status>
</kw>
<kw name="Log" owner="BuiltIn">
<arg>${response}</arg>
<doc>Logs the given message with the given level.</doc>
<status status="NOT RUN" start="2024-06-25T15:49:40.836135" elapsed="0.000043"/>
</kw>
<doc>Verify that creating a board without a name returns an appropriate error message.</doc>
<tag>CreateBoard</tag>
<status status="FAIL" start="2024-06-25T15:49:39.713569" elapsed="1.122837">200.0 == 200.0</status>
</test>
<test id="s1-t3" name="TC_Create_Board_03" line="28">
<kw name="Set Variable" owner="BuiltIn">
<msg time="2024-06-25T15:49:40.837461" level="INFO">${url} = https://trello.com/1/boards</msg>
<var>${url}</var>
<arg>https://trello.com/1/boards</arg>
<doc>Returns the given values which can then be assigned to a variables.</doc>
<status status="PASS" start="2024-06-25T15:49:40.837212" elapsed="0.000287"/>
</kw>
<kw name="Make API Request" owner="CommonKeywords">
<kw name="Make Request" owner="CustomKeywords">
<msg time="2024-06-25T15:49:41.859793" level="INFO">${response} = {'status_code': 200, 'json': {'id': '667abce50bee8e5c1bdabfaf', 'name': 'new board', 'desc': '', 'descData': None, 'closed': False, 'idOrganization': '65cfa176a2dc33b3f91bb93d', 'idEnterprise': None, ...</msg>
<var>${response}</var>
<arg>${method}</arg>
<arg>${url}</arg>
<arg>${headers}</arg>
<arg>${payload}</arg>
<status status="PASS" start="2024-06-25T15:49:40.838824" elapsed="1.021040"/>
</kw>
<return>
<value>${response}</value>
<status status="PASS" start="2024-06-25T15:49:41.859997" elapsed="0.000088"/>
</return>
<msg time="2024-06-25T15:49:41.860429" level="INFO">${response} = {'status_code': 200, 'json': {'id': '667abce50bee8e5c1bdabfaf', 'name': 'new board', 'desc': '', 'descData': None, 'closed': False, 'idOrganization': '65cfa176a2dc33b3f91bb93d', 'idEnterprise': None, ...</msg>
<var>${response}</var>
<arg>POST</arg>
<arg>${url}</arg>
<arg>${HEADERS}</arg>
<arg>${NEW_BOARD_PAYLOAD_WITH_NAME}</arg>
<status status="PASS" start="2024-06-25T15:49:40.838094" elapsed="1.022500"/>
</kw>
<kw name="Should Not Be Equal As Numbers" owner="BuiltIn">
<msg time="2024-06-25T15:49:41.862395" level="INFO">Argument types are:
&lt;class 'int'&gt;
&lt;class 'str'&gt;</msg>
<msg time="2024-06-25T15:49:41.862661" level="FAIL">200.0 == 200.0</msg>
<arg>${response['status_code']}</arg>
<arg>200</arg>
<doc>Fails if objects are equal after converting them to real numbers.</doc>
<status status="FAIL" start="2024-06-25T15:49:41.861224" elapsed="0.001588">200.0 == 200.0</status>
</kw>
<kw name="Log" owner="BuiltIn">
<arg>${response}</arg>
<doc>Logs the given message with the given level.</doc>
<status status="NOT RUN" start="2024-06-25T15:49:41.863226" elapsed="0.000051"/>
</kw>
<doc>Verify that creating a board without  the same name will not work.</doc>
<tag>CreateBoard</tag>
<status status="FAIL" start="2024-06-25T15:49:40.836673" elapsed="1.026997">200.0 == 200.0</status>
</test>
<status status="FAIL" start="2024-06-25T15:49:38.136939" elapsed="3.727725"/>
</suite>
<statistics>
<total>
<stat pass="1" fail="2" skip="0">All Tests</stat>
</total>
<tag>
<stat pass="1" fail="2" skip="0">CreateBoard</stat>
</tag>
<suite>
<stat pass="1" fail="2" skip="0" id="s1" name="TestSuite CreateBoard">TestSuite CreateBoard</stat>
</suite>
</statistics>
<errors>
<msg time="2024-06-25T15:49:38.154284" level="WARN">Error in file '/home/hetu/Desktop/4th-year/Assignment/FTP/resources/CommonKeywords.robot' on line 10: The '[Return]' setting is deprecated. Use the 'RETURN' statement instead.</msg>
</errors>
</robot>
