<?xml version="1.0" encoding="UTF-8"?>
<robot generator="Robot 7.0.1 (Python 3.11.6 on linux)" generated="2024-07-03T07:22:29.789554" rpa="false" schemaversion="5">
<suite id="s1" name="TestSuite GetAnnouncement" source="/home/hetu/Desktop/4th-year/Assignment/FTP/tests/TestSuite_GetAnnouncement.robot">
<test id="s1-t1" name="TC_GetAnnouncements_08" line="13">
<kw name="Set Variable" owner="BuiltIn">
<msg time="2024-07-03T07:22:29.919938" level="INFO">${url} = https://trello.com/announcements</msg>
<var>${url}</var>
<arg>https://trello.com/announcements</arg>
<doc>Returns the given values which can then be assigned to a variables.</doc>
<status status="PASS" start="2024-07-03T07:22:29.919776" elapsed="0.000190"/>
</kw>
<kw name="Make API Request" owner="CommonKeywords">
<kw name="Make Request" owner="CustomKeywords">
<msg time="2024-07-03T07:22:30.795663" level="INFO">${response} = {'status_code': 200, 'json': []}</msg>
<var>${response}</var>
<arg>${method}</arg>
<arg>${url}</arg>
<arg>${headers}</arg>
<arg>${payload}</arg>
<status status="PASS" start="2024-07-03T07:22:29.920505" elapsed="0.875233"/>
</kw>
<return>
<value>${response}</value>
<status status="PASS" start="2024-07-03T07:22:30.795900" elapsed="0.000085"/>
</return>
<msg time="2024-07-03T07:22:30.796278" level="INFO">${response} = {'status_code': 200, 'json': []}</msg>
<var>${response}</var>
<arg>GET</arg>
<arg>${url}</arg>
<arg>${HEADERS}</arg>
<status status="PASS" start="2024-07-03T07:22:29.920207" elapsed="0.876117"/>
</kw>
<kw name="Log" owner="BuiltIn">
<msg time="2024-07-03T07:22:30.797223" level="INFO">{'status_code': 200, 'json': []}</msg>
<arg>${response}</arg>
<doc>Logs the given message with the given level.</doc>
<status status="PASS" start="2024-07-03T07:22:30.796822" elapsed="0.000504"/>
</kw>
<kw name="Should Be True" owner="BuiltIn">
<arg>${response} != {}</arg>
<doc>Fails if the given condition is not true.</doc>
<status status="PASS" start="2024-07-03T07:22:30.797695" elapsed="0.000573"/>
</kw>
<doc>To verify that the Trello API endpoint correctly returns the latest announcements and relevant information.</doc>
<status status="PASS" start="2024-07-03T07:22:29.919088" elapsed="0.879536"/>
</test>
<status status="PASS" start="2024-07-03T07:22:29.790240" elapsed="1.009022"/>
</suite>
<statistics>
<total>
<stat pass="1" fail="0" skip="0">All Tests</stat>
</total>
<tag>
</tag>
<suite>
<stat pass="1" fail="0" skip="0" id="s1" name="TestSuite GetAnnouncement">TestSuite GetAnnouncement</stat>
</suite>
</statistics>
<errors>
<msg time="2024-07-03T07:22:29.805364" level="WARN">Error in file '/home/hetu/Desktop/4th-year/Assignment/FTP/resources/CommonKeywords.robot' on line 10: The '[Return]' setting is deprecated. Use the 'RETURN' statement instead.</msg>
</errors>
</robot>
