<?xml version="1.0" encoding="UTF-8"?>
<robot generator="Robot 7.0.1 (Python 3.11.6 on linux)" generated="2024-06-25T22:30:32.823389" rpa="false" schemaversion="5">
<suite id="s1" name="TestSuite CreateList" source="/home/hetu/Desktop/4th-year/Assignment/FTP/tests/TestSuite_CreateList.robot">
<test id="s1-t1" name="TC_Create_List_04" line="11">
<kw name="Set Variable" owner="BuiltIn">
<msg time="2024-06-25T22:30:32.970604" level="INFO">${url} = https://trello.com/1/lists</msg>
<var>${url}</var>
<arg>https://trello.com/1/lists</arg>
<doc>Returns the given values which can then be assigned to a variables.</doc>
<status status="PASS" start="2024-06-25T22:30:32.970448" elapsed="0.000187"/>
</kw>
<kw name="Make API Request" owner="CommonKeywords">
<kw name="Make Request" owner="CustomKeywords">
<msg time="2024-06-25T22:30:33.743438" level="INFO">${response} = {'status_code': 200, 'json': {'id': '667b1ad989e9ea823c553603', 'name': 'test list', 'closed': False, 'color': None, 'idBoard': '667abce41d62f33346bdc71d', 'pos': 65536.125, 'limits': {}}}</msg>
<var>${response}</var>
<arg>${method}</arg>
<arg>${url}</arg>
<arg>${headers}</arg>
<arg>${payload}</arg>
<status status="PASS" start="2024-06-25T22:30:32.971231" elapsed="0.772292"/>
</kw>
<return>
<value>${response}</value>
<status status="PASS" start="2024-06-25T22:30:33.743697" elapsed="0.000096"/>
</return>
<msg time="2024-06-25T22:30:33.744112" level="INFO">${response} = {'status_code': 200, 'json': {'id': '667b1ad989e9ea823c553603', 'name': 'test list', 'closed': False, 'color': None, 'idBoard': '667abce41d62f33346bdc71d', 'pos': 65536.125, 'limits': {}}}</msg>
<var>${response}</var>
<arg>POST</arg>
<arg>${url}</arg>
<arg>${HEADERS}</arg>
<arg>${NEW_LIST_PAYLOAD_WITH_EXISTING_BOARD}</arg>
<status status="PASS" start="2024-06-25T22:30:32.970872" elapsed="0.773303"/>
</kw>
<kw name="Should Be Equal As Numbers" owner="BuiltIn">
<msg time="2024-06-25T22:30:33.746064" level="INFO">Argument types are:
&lt;class 'int'&gt;
&lt;class 'str'&gt;</msg>
<arg>${response['status_code']}</arg>
<arg>200</arg>
<doc>Fails if objects are unequal after converting them to real numbers.</doc>
<status status="PASS" start="2024-06-25T22:30:33.744655" elapsed="0.001549"/>
</kw>
<kw name="Log" owner="BuiltIn">
<msg time="2024-06-25T22:30:33.746925" level="INFO">{'status_code': 200, 'json': {'id': '667b1ad989e9ea823c553603', 'name': 'test list', 'closed': False, 'color': None, 'idBoard': '667abce41d62f33346bdc71d', 'pos': 65536.125, 'limits': {}}}</msg>
<arg>${response}</arg>
<doc>Logs the given message with the given level.</doc>
<status status="PASS" start="2024-06-25T22:30:33.746612" elapsed="0.000415"/>
</kw>
<doc>To verify that a new list can be successfully created on a specified Trello board</doc>
<tag>CreateList</tag>
<status status="PASS" start="2024-06-25T22:30:32.969808" elapsed="0.777534"/>
</test>
<test id="s1-t2" name="TC_Create_List_05" line="19">
<kw name="Set Variable" owner="BuiltIn">
<msg time="2024-06-25T22:30:33.748972" level="INFO">${url} = https://trello.com/1/lists</msg>
<var>${url}</var>
<arg>https://trello.com/1/lists</arg>
<doc>Returns the given values which can then be assigned to a variables.</doc>
<status status="PASS" start="2024-06-25T22:30:33.748674" elapsed="0.000347"/>
</kw>
<kw name="Make API Request" owner="CommonKeywords">
<kw name="Make Request" owner="CustomKeywords">
<msg time="2024-06-25T22:30:34.352763" level="FAIL">HTTPError: 400 Client Error: Bad Request for url: https://trello.com/1/lists</msg>
<var>${response}</var>
<arg>${method}</arg>
<arg>${url}</arg>
<arg>${headers}</arg>
<arg>${payload}</arg>
<status status="FAIL" start="2024-06-25T22:30:33.750424" elapsed="0.603438">HTTPError: 400 Client Error: Bad Request for url: https://trello.com/1/lists</status>
</kw>
<return>
<value>${response}</value>
<status status="NOT RUN" start="2024-06-25T22:30:34.354052" elapsed="0.000039"/>
</return>
<var>${response}</var>
<arg>POST</arg>
<arg>${url}</arg>
<arg>${HEADERS}</arg>
<arg>${NEW_LIST_PAYLOAD_WITH_FALSE_BOARD_ID}</arg>
<status status="FAIL" start="2024-06-25T22:30:33.749433" elapsed="0.604894">HTTPError: 400 Client Error: Bad Request for url: https://trello.com/1/lists</status>
</kw>
<kw name="Should Be Equal As Numbers" owner="BuiltIn">
<arg>${response['status_code']}</arg>
<arg>400</arg>
<doc>Fails if objects are unequal after converting them to real numbers.</doc>
<status status="NOT RUN" start="2024-06-25T22:30:34.354743" elapsed="0.000067"/>
</kw>
<kw name="Log" owner="BuiltIn">
<arg>${response}</arg>
<doc>Logs the given message with the given level.</doc>
<status status="NOT RUN" start="2024-06-25T22:30:34.355273" elapsed="0.000063"/>
</kw>
<doc>To verify that a new list can be successfully created on a specified Trello board</doc>
<tag>CreateList</tag>
<status status="FAIL" start="2024-06-25T22:30:33.747833" elapsed="0.608013">HTTPError: 400 Client Error: Bad Request for url: https://trello.com/1/lists</status>
</test>
<status status="FAIL" start="2024-06-25T22:30:32.824650" elapsed="1.531995"/>
</suite>
<statistics>
<total>
<stat pass="1" fail="1" skip="0">All Tests</stat>
</total>
<tag>
<stat pass="1" fail="1" skip="0">CreateList</stat>
</tag>
<suite>
<stat pass="1" fail="1" skip="0" id="s1" name="TestSuite CreateList">TestSuite CreateList</stat>
</suite>
</statistics>
<errors>
<msg time="2024-06-25T22:30:32.850607" level="WARN">Error in file '/home/hetu/Desktop/4th-year/Assignment/FTP/resources/CommonKeywords.robot' on line 10: The '[Return]' setting is deprecated. Use the 'RETURN' statement instead.</msg>
</errors>
</robot>
