<?xml version="1.0" encoding="UTF-8"?>
<robot generator="Robot 7.0.1 (Python 3.11.6 on linux)" generated="2024-06-25T22:30:30.029111" rpa="false" schemaversion="5">
<suite id="s1" name="TestSuite CreateBoard" source="/home/hetu/Desktop/4th-year/Assignment/FTP/tests/TestSuite_CreateBoard.robot">
<test id="s1-t1" name="TC_Create_Board_01" line="11">
<kw name="Set Variable" owner="BuiltIn">
<msg time="2024-06-25T22:30:30.182911" level="INFO">${url} = https://trello.com/1/boards</msg>
<var>${url}</var>
<arg>https://trello.com/1/boards</arg>
<doc>Returns the given values which can then be assigned to a variables.</doc>
<status status="PASS" start="2024-06-25T22:30:30.182747" elapsed="0.000193"/>
</kw>
<kw name="Make API Request" owner="CommonKeywords">
<kw name="Make Request" owner="CustomKeywords">
<msg time="2024-06-25T22:30:31.103728" level="FAIL">HTTPError: 400 Client Error: Bad Request for url: https://trello.com/1/boards</msg>
<var>${response}</var>
<arg>${method}</arg>
<arg>${url}</arg>
<arg>${headers}</arg>
<arg>${payload}</arg>
<status status="FAIL" start="2024-06-25T22:30:30.183491" elapsed="0.964437">HTTPError: 400 Client Error: Bad Request for url: https://trello.com/1/boards</status>
</kw>
<return>
<value>${response}</value>
<status status="NOT RUN" start="2024-06-25T22:30:31.148165" elapsed="0.000049"/>
</return>
<var>${response}</var>
<arg>POST</arg>
<arg>${url}</arg>
<arg>${HEADERS}</arg>
<arg>${NEW_BOARD_PAYLOAD_WITH_NAME}</arg>
<status status="FAIL" start="2024-06-25T22:30:30.183161" elapsed="0.965434">HTTPError: 400 Client Error: Bad Request for url: https://trello.com/1/boards</status>
</kw>
<kw name="Should Be Equal As Numbers" owner="BuiltIn">
<arg>${response['status_code']}</arg>
<arg>200</arg>
<doc>Fails if objects are unequal after converting them to real numbers.</doc>
<status status="NOT RUN" start="2024-06-25T22:30:31.149058" elapsed="0.000060"/>
</kw>
<kw name="Log" owner="BuiltIn">
<arg>${response}</arg>
<doc>Logs the given message with the given level.</doc>
<status status="NOT RUN" start="2024-06-25T22:30:31.149452" elapsed="0.000048"/>
</kw>
<doc>Verify that a board can be created with a valid name.</doc>
<tag>CreateBoard</tag>
<status status="FAIL" start="2024-06-25T22:30:30.182146" elapsed="0.967747">HTTPError: 400 Client Error: Bad Request for url: https://trello.com/1/boards</status>
</test>
<test id="s1-t2" name="TC_Create_Board_02" line="20">
<kw name="Set Variable" owner="BuiltIn">
<msg time="2024-06-25T22:30:31.151503" level="INFO">${url} = https://trello.com/1/boards</msg>
<var>${url}</var>
<arg>https://trello.com/1/boards</arg>
<doc>Returns the given values which can then be assigned to a variables.</doc>
<status status="PASS" start="2024-06-25T22:30:31.151106" elapsed="0.000448"/>
</kw>
<kw name="Make API Request" owner="CommonKeywords">
<kw name="Make Request" owner="CustomKeywords">
<msg time="2024-06-25T22:30:31.930127" level="FAIL">HTTPError: 400 Client Error: Bad Request for url: https://trello.com/1/boards</msg>
<var>${response}</var>
<arg>${method}</arg>
<arg>${url}</arg>
<arg>${headers}</arg>
<arg>${payload}</arg>
<status status="FAIL" start="2024-06-25T22:30:31.152732" elapsed="0.778230">HTTPError: 400 Client Error: Bad Request for url: https://trello.com/1/boards</status>
</kw>
<return>
<value>${response}</value>
<status status="NOT RUN" start="2024-06-25T22:30:31.931249" elapsed="0.000059"/>
</return>
<var>${response}</var>
<arg>POST</arg>
<arg>${url}</arg>
<arg>${HEADERS}</arg>
<arg>${NEW_BOARD_PAYLOAD_WITHOUT_NAME}</arg>
<status status="FAIL" start="2024-06-25T22:30:31.151970" elapsed="0.779657">HTTPError: 400 Client Error: Bad Request for url: https://trello.com/1/boards</status>
</kw>
<kw name="Should Not Be Equal As Numbers" owner="BuiltIn">
<arg>${response['status_code']}</arg>
<arg>200</arg>
<doc>Fails if objects are equal after converting them to real numbers.</doc>
<status status="NOT RUN" start="2024-06-25T22:30:31.932435" elapsed="0.000071"/>
</kw>
<kw name="Log" owner="BuiltIn">
<arg>${response}</arg>
<doc>Logs the given message with the given level.</doc>
<status status="NOT RUN" start="2024-06-25T22:30:31.932928" elapsed="0.000061"/>
</kw>
<doc>Verify that creating a board without a name returns an appropriate error message.</doc>
<tag>CreateBoard</tag>
<status status="FAIL" start="2024-06-25T22:30:31.150358" elapsed="0.783122">HTTPError: 400 Client Error: Bad Request for url: https://trello.com/1/boards</status>
</test>
<test id="s1-t3" name="TC_Create_Board_03" line="28">
<kw name="Set Variable" owner="BuiltIn">
<msg time="2024-06-25T22:30:31.936458" level="INFO">${url} = https://trello.com/1/boards</msg>
<var>${url}</var>
<arg>https://trello.com/1/boards</arg>
<doc>Returns the given values which can then be assigned to a variables.</doc>
<status status="PASS" start="2024-06-25T22:30:31.936026" elapsed="0.000498"/>
</kw>
<kw name="Make API Request" owner="CommonKeywords">
<kw name="Make Request" owner="CustomKeywords">
<msg time="2024-06-25T22:30:32.561661" level="FAIL">HTTPError: 400 Client Error: Bad Request for url: https://trello.com/1/boards</msg>
<var>${response}</var>
<arg>${method}</arg>
<arg>${url}</arg>
<arg>${headers}</arg>
<arg>${payload}</arg>
<status status="FAIL" start="2024-06-25T22:30:31.937944" elapsed="0.624053">HTTPError: 400 Client Error: Bad Request for url: https://trello.com/1/boards</status>
</kw>
<return>
<value>${response}</value>
<status status="NOT RUN" start="2024-06-25T22:30:32.562084" elapsed="0.000021"/>
</return>
<var>${response}</var>
<arg>POST</arg>
<arg>${url}</arg>
<arg>${HEADERS}</arg>
<arg>${NEW_BOARD_PAYLOAD_WITH_NAME}</arg>
<status status="FAIL" start="2024-06-25T22:30:31.937002" elapsed="0.625200">HTTPError: 400 Client Error: Bad Request for url: https://trello.com/1/boards</status>
</kw>
<kw name="Should Not Be Equal As Numbers" owner="BuiltIn">
<arg>${response['status_code']}</arg>
<arg>200</arg>
<doc>Fails if objects are equal after converting them to real numbers.</doc>
<status status="NOT RUN" start="2024-06-25T22:30:32.562397" elapsed="0.000029"/>
</kw>
<kw name="Log" owner="BuiltIn">
<arg>${response}</arg>
<doc>Logs the given message with the given level.</doc>
<status status="NOT RUN" start="2024-06-25T22:30:32.562587" elapsed="0.000018"/>
</kw>
<doc>Verify that creating a board without  the same name will not work.</doc>
<tag>CreateBoard</tag>
<status status="FAIL" start="2024-06-25T22:30:31.934086" elapsed="0.628693">HTTPError: 400 Client Error: Bad Request for url: https://trello.com/1/boards</status>
</test>
<status status="FAIL" start="2024-06-25T22:30:30.030042" elapsed="2.533090"/>
</suite>
<statistics>
<total>
<stat pass="0" fail="3" skip="0">All Tests</stat>
</total>
<tag>
<stat pass="0" fail="3" skip="0">CreateBoard</stat>
</tag>
<suite>
<stat pass="0" fail="3" skip="0" id="s1" name="TestSuite CreateBoard">TestSuite CreateBoard</stat>
</suite>
</statistics>
<errors>
<msg time="2024-06-25T22:30:30.053247" level="WARN">Error in file '/home/hetu/Desktop/4th-year/Assignment/FTP/resources/CommonKeywords.robot' on line 10: The '[Return]' setting is deprecated. Use the 'RETURN' statement instead.</msg>
</errors>
</robot>
